15:03:13.005 [main] INFO  TestCases.TC001_beCognizant - validating the header
15:03:14.949 [main] INFO  TestCases.TC001_beCognizant - three weeks of timesheet
15:03:21.300 [main] INFO  TestCases.TC001_beCognizant - Displayed current week
15:03:53.878 [main] INFO  TestCases.TC001_beCognizant - displayed  tsStatusApproved
15:04:09.897 [main] INFO  TestCases.TC001_beCognizant - displayed tsStatusOverdue
15:04:25.767 [main] INFO  TestCases.TC001_beCognizant - displayed tsStatusPartiallyApproved
15:04:41.969 [main] INFO  TestCases.TC001_beCognizant - displayed tsStatusPending 
15:04:57.734 [main] INFO  TestCases.TC001_beCognizant - displayed tsStatusSaved
15:05:13.620 [main] INFO  TestCases.TC001_beCognizant - displayed tsStatusSentBackforRevision
15:05:29.502 [main] INFO  TestCases.TC001_beCognizant - displayed tsStatusSubmittedforApproval
15:05:29.720 [main] INFO  TestCases.TC001_beCognizant - ***** closing the browser *****
15:05:32.103 [main] INFO  TestBase.baseClass - closing the browser
17:13:27.810 [main] INFO  TestCases.TC001_beCognizant - ***** starting TC001_beCognizant *****
17:13:28.176 [main] INFO  TestCases.TC001_beCognizant - clicked on profile
17:13:29.186 [main] INFO  TestCases.TC001_beCognizant - verified the account
17:13:54.396 [main] INFO  TestCases.TC001_beCognizant - opening the OneCognizant
17:14:14.445 [main] INFO  TestCases.TC001_beCognizant - handled the OneCognizant window
17:14:15.109 [main] INFO  TestCases.TC001_beCognizant - Navigated to OneCognizant
17:14:16.146 [main] INFO  TestCases.TC001_beCognizant - clicked on search Icon
17:14:17.174 [main] INFO  TestCases.TC001_beCognizant - input timesheet in search bar
17:14:27.568 [main] INFO  TestCases.TC001_beCognizant - handled the timesheet window
17:14:27.776 [main] INFO  TestCases.TC001_beCognizant - Navigated to timesheet
17:14:29.951 [main] INFO  TestCases.TC001_beCognizant - validating the header
17:14:31.596 [main] INFO  TestCases.TC001_beCognizant - three weeks of timesheet
17:14:36.704 [main] INFO  TestCases.TC001_beCognizant - Displayed current week
17:15:08.101 [main] INFO  TestCases.TC001_beCognizant - displayed  tsStatusApproved
17:15:23.818 [main] INFO  TestCases.TC001_beCognizant - displayed tsStatusOverdue
17:15:39.476 [main] INFO  TestCases.TC001_beCognizant - displayed tsStatusPartiallyApproved
17:15:55.452 [main] INFO  TestCases.TC001_beCognizant - displayed tsStatusPending 
17:16:11.082 [main] INFO  TestCases.TC001_beCognizant - displayed tsStatusSaved
17:16:26.734 [main] INFO  TestCases.TC001_beCognizant - displayed tsStatusSentBackforRevision
17:16:42.434 [main] INFO  TestCases.TC001_beCognizant - displayed tsStatusSubmittedforApproval
17:16:42.611 [main] INFO  TestCases.TC001_beCognizant - ***** closing the browser *****
17:16:43.972 [main] INFO  TestBase.baseClass - closing the browser
17:17:41.402 [main] INFO  TestCases.TC001_beCognizant - ***** starting TC001_beCognizant *****
17:17:41.687 [main] INFO  TestCases.TC001_beCognizant - clicked on profile
17:17:42.692 [main] INFO  TestCases.TC001_beCognizant - verified the account
17:18:04.897 [main] INFO  TestCases.TC001_beCognizant - opening the OneCognizant
17:18:24.963 [main] INFO  TestCases.TC001_beCognizant - handled the OneCognizant window
17:18:25.840 [main] INFO  TestCases.TC001_beCognizant - Navigated to OneCognizant
17:18:26.852 [main] INFO  TestCases.TC001_beCognizant - clicked on search Icon
17:18:28.195 [main] INFO  TestCases.TC001_beCognizant - input timesheet in search bar
17:18:59.711 [main] INFO  TestCases.TC001_beCognizant - handled the timesheet window
17:18:59.980 [main] INFO  TestCases.TC001_beCognizant - Navigated to timesheet
17:19:00.305 [main] INFO  TestCases.TC001_beCognizant - validating the header
17:19:03.255 [main] INFO  TestBase.baseClass - closing the browser
17:29:20.915 [main] INFO  TestCases.TC001_beCognizant - ***** starting TC001_beCognizant *****
17:29:21.345 [main] INFO  TestCases.TC001_beCognizant - clicked on profile
17:29:22.349 [main] INFO  TestCases.TC001_beCognizant - verified the account
17:29:50.084 [main] INFO  TestCases.TC001_beCognizant - opening the OneCognizant
17:30:10.146 [main] INFO  TestCases.TC001_beCognizant - handled the OneCognizant window
17:30:10.937 [main] INFO  TestCases.TC001_beCognizant - Navigated to OneCognizant
17:30:11.949 [main] INFO  TestCases.TC001_beCognizant - clicked on search Icon
17:30:12.956 [main] INFO  TestCases.TC001_beCognizant - input timesheet in search bar
17:30:44.078 [main] INFO  TestCases.TC001_beCognizant - handled the timesheet window
17:30:44.310 [main] INFO  TestCases.TC001_beCognizant - Navigated to timesheet
17:30:44.552 [main] INFO  TestCases.TC001_beCognizant - validating the header
17:30:46.214 [main] INFO  TestCases.TC001_beCognizant - three weeks of timesheet
17:30:51.300 [main] INFO  TestCases.TC001_beCognizant - Displayed current week
17:31:22.341 [main] INFO  TestCases.TC001_beCognizant - displayed  tsStatusApproved
