17:31:38.049 [main] INFO  TestCases.TC001_beCognizant - displayed tsStatusOverdue
17:31:53.677 [main] INFO  TestCases.TC001_beCognizant - displayed tsStatusPartiallyApproved
17:32:09.591 [main] INFO  TestCases.TC001_beCognizant - displayed tsStatusPending 
17:32:25.272 [main] INFO  TestCases.TC001_beCognizant - displayed tsStatusSaved
17:32:40.934 [main] INFO  TestCases.TC001_beCognizant - displayed tsStatusSentBackforRevision
17:32:56.700 [main] INFO  TestCases.TC001_beCognizant - displayed tsStatusSubmittedforApproval
17:32:56.985 [main] INFO  TestCases.TC001_beCognizant - ***** closing the browser *****
17:32:58.658 [main] INFO  TestBase.baseClass - closing the browser
17:34:01.732 [main] INFO  TestCases.TC001_beCognizant - ***** starting TC001_beCognizant *****
17:34:02.049 [main] INFO  TestCases.TC001_beCognizant - clicked on profile
17:34:03.050 [main] INFO  TestCases.TC001_beCognizant - verified the account
17:34:03.530 [main] INFO  TestCases.TC001_beCognizant - Navigated to OneCognizant
17:34:04.534 [main] INFO  TestCases.TC001_beCognizant - clicked on search Icon
17:34:09.827 [main] INFO  TestCases.TC001_beCognizant - Navigated to timesheet
17:34:16.369 [main] INFO  TestBase.baseClass - closing the browser
09:26:56.347 [main] INFO  TestCases.TC001_beCognizant - ***** starting TC001_beCognizant *****
09:26:57.007 [main] INFO  TestCases.TC001_beCognizant - clicked on profile
09:26:58.023 [main] INFO  TestCases.TC001_beCognizant - verified the account
09:27:22.607 [main] INFO  TestCases.TC001_beCognizant - opening the OneCognizant
09:27:42.661 [main] INFO  TestCases.TC001_beCognizant - handled the OneCognizant window
09:27:43.423 [main] INFO  TestCases.TC001_beCognizant - Navigated to OneCognizant
09:27:44.479 [main] INFO  TestCases.TC001_beCognizant - clicked on search Icon
09:27:45.470 [main] INFO  TestCases.TC001_beCognizant - input timesheet in search bar
09:28:16.409 [main] INFO  TestCases.TC001_beCognizant - handled the timesheet window
09:28:16.656 [main] INFO  TestCases.TC001_beCognizant - Navigated to timesheet
09:28:16.925 [main] INFO  TestCases.TC001_beCognizant - validating the header
09:28:18.658 [main] INFO  TestCases.TC001_beCognizant - three weeks of timesheet
09:28:23.958 [main] INFO  TestCases.TC001_beCognizant - Displayed current week
09:28:54.637 [main] INFO  TestCases.TC001_beCognizant - displayed  tsStatusApproved
09:29:10.410 [main] INFO  TestCases.TC001_beCognizant - displayed tsStatusOverdue
09:29:26.032 [main] INFO  TestCases.TC001_beCognizant - displayed tsStatusPartiallyApproved
09:29:41.827 [main] INFO  TestCases.TC001_beCognizant - displayed tsStatusPending 
09:29:57.407 [main] INFO  TestCases.TC001_beCognizant - displayed tsStatusSaved
09:30:13.006 [main] INFO  TestCases.TC001_beCognizant - displayed tsStatusSentBackforRevision
09:30:28.714 [main] INFO  TestCases.TC001_beCognizant - displayed tsStatusSubmittedforApproval
09:30:28.905 [main] INFO  TestCases.TC001_beCognizant - ***** closing the browser *****
09:30:30.280 [main] INFO  TestBase.baseClass - closing the browser
09:31:31.322 [main] INFO  TestCases.TC001_beCognizant - ***** starting TC001_beCognizant *****
09:31:31.564 [main] INFO  TestCases.TC001_beCognizant - clicked on profile
09:31:32.571 [main] INFO  TestCases.TC001_beCognizant - verified the account
09:31:55.013 [main] INFO  TestCases.TC001_beCognizant - opening the OneCognizant
09:32:15.098 [main] INFO  TestCases.TC001_beCognizant - handled the OneCognizant window
09:32:16.497 [main] INFO  TestCases.TC001_beCognizant - Navigated to OneCognizant
09:32:17.500 [main] INFO  TestCases.TC001_beCognizant - clicked on search Icon
09:32:19.937 [main] INFO  TestCases.TC001_beCognizant - input timesheet in search bar
09:32:30.632 [main] INFO  TestCases.TC001_beCognizant - handled the timesheet window
09:32:31.022 [main] INFO  TestCases.TC001_beCognizant - Navigated to timesheet
09:32:31.485 [main] INFO  TestCases.TC001_beCognizant - validating the header
09:32:33.059 [main] INFO  TestCases.TC001_beCognizant - three weeks of timesheet
09:32:38.734 [main] INFO  TestCases.TC001_beCognizant - Displayed current week
09:33:06.655 [main] INFO  TestBase.baseClass - closing the browser
09:35:36.651 [main] INFO  TestCases.TC001_beCognizant - ***** starting TC001_beCognizant *****
09:35:36.910 [main] INFO  TestCases.TC001_beCognizant - clicked on profile
09:35:37.919 [main] INFO  TestCases.TC001_beCognizant - verified the account
09:36:02.742 [main] INFO  TestCases.TC001_beCognizant - opening the OneCognizant
09:36:22.802 [main] INFO  TestCases.TC001_beCognizant - handled the OneCognizant window
09:36:23.540 [main] INFO  TestCases.TC001_beCognizant - Navigated to OneCognizant
09:36:24.554 [main] INFO  TestCases.TC001_beCognizant - clicked on search Icon
09:36:25.898 [main] INFO  TestCases.TC001_beCognizant - input timesheet in search bar
09:36:36.434 [main] INFO  TestCases.TC001_beCognizant - handled the timesheet window
